[
    {
      "Plan": {
        "Node Type": "Hash Join",
        "Parallel Aware": false,
        "Async Capable": false,
        "Join Type": "Inner",
        "Startup Cost": 14.03,
        "Total Cost": 28.87,
        "Plan Rows": 2,
        "Plan Width": 436,
        "Actual Startup Time": 0.062,
        "Actual Total Time": 0.065,
        "Actual Rows": 1,
        "Actual Loops": 1,
        "Inner Unique": true,
        "Hash Cond": "(e.department_id = departments.department_id)",
        "Plans": [
          {
            "Node Type": "Seq Scan",
            "Parent Relationship": "Outer",
            "Parallel Aware": false,
            "Async Capable": false,
            "Relation Name": "employees",
            "Alias": "e",
            "Startup Cost": 0.00,
            "Total Cost": 14.00,
            "Plan Rows": 318,
            "Plan Width": 222,
            "Actual Startup Time": 0.032,
            "Actual Total Time": 0.034,
            "Actual Rows": 5,
            "Actual Loops": 1,
            "Filter": "((employee_name)::text <> 'Yura'::text)",
            "Rows Removed by Filter": 0
          },
          {
            "Node Type": "Hash",
            "Parent Relationship": "Inner",
            "Parallel Aware": false,
            "Async Capable": false,
            "Startup Cost": 14.00,
            "Total Cost": 14.00,
            "Plan Rows": 2,
            "Plan Width": 222,
            "Actual Startup Time": 0.018,
            "Actual Total Time": 0.018,
            "Actual Rows": 1,
            "Actual Loops": 1,
            "Hash Buckets": 1024,
            "Original Hash Buckets": 1024,
            "Hash Batches": 1,
            "Original Hash Batches": 1,
            "Peak Memory Usage": 9,
            "Plans": [
              {
                "Node Type": "Seq Scan",
                "Parent Relationship": "Outer",
                "Parallel Aware": false,
                "Async Capable": false,
                "Relation Name": "departments",
                "Alias": "departments",
                "Startup Cost": 0.00,
                "Total Cost": 14.00,
                "Plan Rows": 2,
                "Plan Width": 222,
                "Actual Startup Time": 0.011,
                "Actual Total Time": 0.012,
                "Actual Rows": 1,
                "Actual Loops": 1,
                "Filter": "((department_name)::text = 'Маркетинг'::text)",
                "Rows Removed by Filter": 3
              }
            ]
          }
        ]
      },
      "Planning Time": 0.344,
      "Triggers": [
      ],
      "Execution Time": 0.108
    }
  ]